2018-12-29 17:14:38,691 - cold_net.py[line:165] - INFO: the train MAE 0.679051
2018-12-29 17:20:53,002 - cold_net.py[line:165] - INFO: the train MAE 0.669335
2018-12-29 17:27:07,635 - cold_net.py[line:165] - INFO: the train MAE 0.666711
2018-12-29 17:51:22,127 - cold_net.py[line:167] - INFO:  0.000000e+00poch the train MAE nan
2018-12-29 18:05:31,784 - cold_net.py[line:167] - INFO:  1.000000e+00poch the train MAE nan
2018-12-29 18:19:41,432 - cold_net.py[line:167] - INFO:  2.000000e+00poch the train MAE nan
2018-12-29 18:33:50,525 - cold_net.py[line:167] - INFO:  3.000000e+00poch the train MAE nan
2018-12-29 18:48:00,372 - cold_net.py[line:167] - INFO:  4.000000e+00poch the train MAE nan
2018-12-29 19:02:10,828 - cold_net.py[line:167] - INFO:  5.000000e+00poch the train MAE nan
2018-12-29 19:16:23,796 - cold_net.py[line:167] - INFO:  6.000000e+00poch the train MAE nan
2018-12-29 19:30:36,589 - cold_net.py[line:167] - INFO:  7.000000e+00poch the train MAE nan
2018-12-29 19:44:50,275 - cold_net.py[line:167] - INFO:  8.000000e+00poch the train MAE nan
2018-12-29 19:59:03,768 - cold_net.py[line:167] - INFO:  9.000000e+00poch the train MAE nan
2018-12-29 20:13:19,371 - cold_net.py[line:167] - INFO:  1.000000e+01poch the train MAE nan
2018-12-29 20:39:11,986 - cold_net.py[line:167] - INFO:  0.000000e+00poch the train MAE 3.476597
2018-12-29 20:55:19,308 - cold_net.py[line:167] - INFO:  1.000000e+00poch the train MAE 3.475336
2018-12-29 21:11:19,618 - cold_net.py[line:167] - INFO:  2.000000e+00poch the train MAE 3.475336
2018-12-29 21:27:23,838 - cold_net.py[line:167] - INFO:  3.000000e+00poch the train MAE 3.475336
2018-12-29 21:43:06,183 - cold_net.py[line:167] - INFO:  4.000000e+00poch the train MAE 3.475336
2018-12-29 21:58:52,496 - cold_net.py[line:167] - INFO:  5.000000e+00poch the train MAE 3.475336
2018-12-30 09:09:20,411 - cold_net.py[line:171] - INFO: 0 epoch the train MAE 4.947408
2018-12-30 09:09:20,411 - cold_net.py[line:171] - INFO: 0 epoch the train MAE 4.947408
2018-12-30 09:27:41,666 - cold_net.py[line:171] - INFO: 1 epoch the train MAE 4.944512
2018-12-30 09:27:41,666 - cold_net.py[line:171] - INFO: 1 epoch the train MAE 4.944512
2018-12-30 09:46:02,067 - cold_net.py[line:171] - INFO: 2 epoch the train MAE 4.944512
2018-12-30 09:46:02,067 - cold_net.py[line:171] - INFO: 2 epoch the train MAE 4.944512
2018-12-30 10:04:22,546 - cold_net.py[line:171] - INFO: 3 epoch the train MAE 4.944512
2018-12-30 10:04:22,546 - cold_net.py[line:171] - INFO: 3 epoch the train MAE 4.944512
2018-12-30 10:22:43,138 - cold_net.py[line:171] - INFO: 4 epoch the train MAE 4.944512
2018-12-30 10:22:43,138 - cold_net.py[line:171] - INFO: 4 epoch the train MAE 4.944512
2018-12-30 10:41:03,582 - cold_net.py[line:171] - INFO: 5 epoch the train MAE 4.944512
2018-12-30 10:41:03,582 - cold_net.py[line:171] - INFO: 5 epoch the train MAE 4.944512
2018-12-30 10:59:30,348 - cold_net.py[line:171] - INFO: 6 epoch the train MAE 4.944512
2018-12-30 10:59:30,348 - cold_net.py[line:171] - INFO: 6 epoch the train MAE 4.944512
2018-12-30 11:17:53,312 - cold_net.py[line:171] - INFO: 7 epoch the train MAE 4.944512
2018-12-30 11:17:53,312 - cold_net.py[line:171] - INFO: 7 epoch the train MAE 4.944512
2018-12-30 11:36:15,776 - cold_net.py[line:171] - INFO: 8 epoch the train MAE 4.944512
2018-12-30 11:36:15,776 - cold_net.py[line:171] - INFO: 8 epoch the train MAE 4.944512
2018-12-30 11:54:38,366 - cold_net.py[line:171] - INFO: 9 epoch the train MAE 4.944512
2018-12-30 11:54:38,366 - cold_net.py[line:171] - INFO: 9 epoch the train MAE 4.944512
2018-12-30 12:13:22,437 - cold_net.py[line:171] - INFO: 10 epoch the train MAE 4.944512
2018-12-30 12:13:22,437 - cold_net.py[line:171] - INFO: 10 epoch the train MAE 4.944512
2018-12-30 12:32:21,671 - cold_net.py[line:171] - INFO: 11 epoch the train MAE 4.944512
2018-12-30 12:32:21,671 - cold_net.py[line:171] - INFO: 11 epoch the train MAE 4.944512
2018-12-30 12:50:40,370 - cold_net.py[line:171] - INFO: 12 epoch the train MAE 4.944512
2018-12-30 12:50:40,370 - cold_net.py[line:171] - INFO: 12 epoch the train MAE 4.944512
2018-12-30 13:08:57,474 - cold_net.py[line:171] - INFO: 13 epoch the train MAE 4.944512
2018-12-30 13:08:57,474 - cold_net.py[line:171] - INFO: 13 epoch the train MAE 4.944512
2018-12-30 13:27:15,126 - cold_net.py[line:171] - INFO: 14 epoch the train MAE 4.944512
2018-12-30 13:27:15,126 - cold_net.py[line:171] - INFO: 14 epoch the train MAE 4.944512
2018-12-30 13:45:32,277 - cold_net.py[line:171] - INFO: 15 epoch the train MAE 4.944512
2018-12-30 13:45:32,277 - cold_net.py[line:171] - INFO: 15 epoch the train MAE 4.944512
2018-12-30 14:03:49,023 - cold_net.py[line:171] - INFO: 16 epoch the train MAE 4.944512
2018-12-30 14:03:49,023 - cold_net.py[line:171] - INFO: 16 epoch the train MAE 4.944512
2018-12-30 14:22:06,501 - cold_net.py[line:171] - INFO: 17 epoch the train MAE 4.944512
2018-12-30 14:22:06,501 - cold_net.py[line:171] - INFO: 17 epoch the train MAE 4.944512
2018-12-30 14:42:11,460 - cold_net.py[line:171] - INFO: 0 epoch the train MAE 2.030791
2018-12-30 14:42:11,460 - cold_net.py[line:171] - INFO: 0 epoch the train MAE 2.030791
2018-12-30 14:42:11,460 - cold_net.py[line:171] - INFO: 0 epoch the train MAE 2.030791
2018-12-30 15:00:41,393 - cold_net.py[line:171] - INFO: 1 epoch the train MAE 2.028532
2018-12-30 15:00:41,393 - cold_net.py[line:171] - INFO: 1 epoch the train MAE 2.028532
2018-12-30 15:00:41,393 - cold_net.py[line:171] - INFO: 1 epoch the train MAE 2.028532
2018-12-30 15:19:34,404 - cold_net.py[line:171] - INFO: 2 epoch the train MAE 2.028532
2018-12-30 15:19:34,404 - cold_net.py[line:171] - INFO: 2 epoch the train MAE 2.028532
2018-12-30 15:19:34,404 - cold_net.py[line:171] - INFO: 2 epoch the train MAE 2.028532
2018-12-30 15:42:33,418 - cold_net.py[line:171] - INFO: 0 epoch the train MAE 2.561603
2018-12-30 15:42:33,418 - cold_net.py[line:171] - INFO: 0 epoch the train MAE 2.561603
2018-12-30 15:42:33,418 - cold_net.py[line:171] - INFO: 0 epoch the train MAE 2.561603
2018-12-30 15:42:33,418 - cold_net.py[line:171] - INFO: 0 epoch the train MAE 2.561603
2018-12-30 16:01:38,104 - cold_net.py[line:171] - INFO: 1 epoch the train MAE 2.555188
2018-12-30 16:01:38,104 - cold_net.py[line:171] - INFO: 1 epoch the train MAE 2.555188
2018-12-30 16:01:38,104 - cold_net.py[line:171] - INFO: 1 epoch the train MAE 2.555188
2018-12-30 16:01:38,104 - cold_net.py[line:171] - INFO: 1 epoch the train MAE 2.555188
2018-12-30 16:21:12,307 - cold_net.py[line:171] - INFO: 2 epoch the train MAE 2.555188
2018-12-30 16:21:12,307 - cold_net.py[line:171] - INFO: 2 epoch the train MAE 2.555188
2018-12-30 16:21:12,307 - cold_net.py[line:171] - INFO: 2 epoch the train MAE 2.555188
2018-12-30 16:21:12,307 - cold_net.py[line:171] - INFO: 2 epoch the train MAE 2.555188
2018-12-30 16:41:01,344 - cold_net.py[line:171] - INFO: 3 epoch the train MAE 2.555188
2018-12-30 16:41:01,344 - cold_net.py[line:171] - INFO: 3 epoch the train MAE 2.555188
2018-12-30 16:41:01,344 - cold_net.py[line:171] - INFO: 3 epoch the train MAE 2.555188
2018-12-30 16:41:01,344 - cold_net.py[line:171] - INFO: 3 epoch the train MAE 2.555188
2018-12-30 16:59:56,457 - cold_net.py[line:171] - INFO: 4 epoch the train MAE 2.555188
2018-12-30 16:59:56,457 - cold_net.py[line:171] - INFO: 4 epoch the train MAE 2.555188
2018-12-30 16:59:56,457 - cold_net.py[line:171] - INFO: 4 epoch the train MAE 2.555188
2018-12-30 16:59:56,457 - cold_net.py[line:171] - INFO: 4 epoch the train MAE 2.555188
2018-12-30 17:18:27,701 - cold_net.py[line:171] - INFO: 5 epoch the train MAE 2.555188
2018-12-30 17:18:27,701 - cold_net.py[line:171] - INFO: 5 epoch the train MAE 2.555188
2018-12-30 17:18:27,701 - cold_net.py[line:171] - INFO: 5 epoch the train MAE 2.555188
2018-12-30 17:18:27,701 - cold_net.py[line:171] - INFO: 5 epoch the train MAE 2.555188
2018-12-30 17:37:23,124 - cold_net.py[line:171] - INFO: 6 epoch the train MAE 2.555188
2018-12-30 17:37:23,124 - cold_net.py[line:171] - INFO: 6 epoch the train MAE 2.555188
2018-12-30 17:37:23,124 - cold_net.py[line:171] - INFO: 6 epoch the train MAE 2.555188
2018-12-30 17:37:23,124 - cold_net.py[line:171] - INFO: 6 epoch the train MAE 2.555188
2018-12-30 17:56:58,906 - cold_net.py[line:171] - INFO: 7 epoch the train MAE 2.555188
2018-12-30 17:56:58,906 - cold_net.py[line:171] - INFO: 7 epoch the train MAE 2.555188
2018-12-30 17:56:58,906 - cold_net.py[line:171] - INFO: 7 epoch the train MAE 2.555188
2018-12-30 17:56:58,906 - cold_net.py[line:171] - INFO: 7 epoch the train MAE 2.555188
2018-12-30 18:16:13,036 - cold_net.py[line:171] - INFO: 8 epoch the train MAE 2.555188
2018-12-30 18:16:13,036 - cold_net.py[line:171] - INFO: 8 epoch the train MAE 2.555188
2018-12-30 18:16:13,036 - cold_net.py[line:171] - INFO: 8 epoch the train MAE 2.555188
2018-12-30 18:16:13,036 - cold_net.py[line:171] - INFO: 8 epoch the train MAE 2.555188
2018-12-30 18:35:25,502 - cold_net.py[line:171] - INFO: 9 epoch the train MAE 2.555188
2018-12-30 18:35:25,502 - cold_net.py[line:171] - INFO: 9 epoch the train MAE 2.555188
2018-12-30 18:35:25,502 - cold_net.py[line:171] - INFO: 9 epoch the train MAE 2.555188
2018-12-30 18:35:25,502 - cold_net.py[line:171] - INFO: 9 epoch the train MAE 2.555188
2019-01-01 11:18:41,913 - cold_net.py[line:171] - INFO: 0 epoch the train MAE 1.788218
2019-01-01 11:35:54,622 - cold_net.py[line:171] - INFO: 1 epoch the train MAE 1.780464
2019-01-01 11:53:48,040 - cold_net.py[line:171] - INFO: 2 epoch the train MAE 1.780464
2019-01-01 12:11:37,876 - cold_net.py[line:171] - INFO: 3 epoch the train MAE 1.780464
2019-01-01 12:42:43,311 - cold_net.py[line:171] - INFO: 0 epoch the train MAE 1.639155
2019-01-01 12:42:43,311 - cold_net.py[line:171] - INFO: 0 epoch the train MAE 1.639155
2019-01-01 13:01:40,274 - cold_net.py[line:171] - INFO: 0 epoch the train MAE nan
2019-01-01 13:01:40,274 - cold_net.py[line:171] - INFO: 0 epoch the train MAE nan
2019-01-01 13:01:40,274 - cold_net.py[line:171] - INFO: 0 epoch the train MAE nan
2019-01-01 13:17:21,542 - cold_net.py[line:171] - INFO: 1 epoch the train MAE nan
2019-01-01 13:17:21,542 - cold_net.py[line:171] - INFO: 1 epoch the train MAE nan
2019-01-01 13:17:21,542 - cold_net.py[line:171] - INFO: 1 epoch the train MAE nan
2019-01-01 13:33:02,818 - cold_net.py[line:171] - INFO: 2 epoch the train MAE nan
2019-01-01 13:33:02,818 - cold_net.py[line:171] - INFO: 2 epoch the train MAE nan
2019-01-01 13:33:02,818 - cold_net.py[line:171] - INFO: 2 epoch the train MAE nan
2019-01-01 13:48:44,230 - cold_net.py[line:171] - INFO: 3 epoch the train MAE nan
2019-01-01 13:48:44,230 - cold_net.py[line:171] - INFO: 3 epoch the train MAE nan
2019-01-01 13:48:44,230 - cold_net.py[line:171] - INFO: 3 epoch the train MAE nan
2019-01-01 14:04:25,526 - cold_net.py[line:171] - INFO: 4 epoch the train MAE nan
2019-01-01 14:04:25,526 - cold_net.py[line:171] - INFO: 4 epoch the train MAE nan
2019-01-01 14:04:25,526 - cold_net.py[line:171] - INFO: 4 epoch the train MAE nan
2019-01-01 14:20:06,570 - cold_net.py[line:171] - INFO: 5 epoch the train MAE nan
2019-01-01 14:20:06,570 - cold_net.py[line:171] - INFO: 5 epoch the train MAE nan
2019-01-01 14:20:06,570 - cold_net.py[line:171] - INFO: 5 epoch the train MAE nan
2019-01-01 14:35:47,819 - cold_net.py[line:171] - INFO: 6 epoch the train MAE nan
2019-01-01 14:35:47,819 - cold_net.py[line:171] - INFO: 6 epoch the train MAE nan
2019-01-01 14:35:47,819 - cold_net.py[line:171] - INFO: 6 epoch the train MAE nan
2019-01-01 14:51:29,221 - cold_net.py[line:171] - INFO: 7 epoch the train MAE nan
2019-01-01 14:51:29,221 - cold_net.py[line:171] - INFO: 7 epoch the train MAE nan
2019-01-01 14:51:29,221 - cold_net.py[line:171] - INFO: 7 epoch the train MAE nan
2019-01-01 15:21:04,271 - cold_net.py[line:171] - INFO: 0 epoch the train MAE 2.515368
2019-01-01 15:21:04,271 - cold_net.py[line:171] - INFO: 0 epoch the train MAE 2.515368
2019-01-01 15:21:04,271 - cold_net.py[line:171] - INFO: 0 epoch the train MAE 2.515368
2019-01-01 15:21:04,271 - cold_net.py[line:171] - INFO: 0 epoch the train MAE 2.515368
2019-01-03 20:12:34,840 - cold_net_bias.py[line:213] - INFO: 0 epoch the train MAE 0.862996
2019-01-03 20:12:34,840 - cold_net_bias.py[line:213] - INFO: 0 epoch the train MAE 0.862996
2019-01-03 20:12:34,840 - cold_net_bias.py[line:213] - INFO: 0 epoch the train MAE 0.862996
2019-01-03 20:23:39,104 - cold_net_bias.py[line:213] - INFO: 1 epoch the train MAE 0.833875
2019-01-03 20:23:39,104 - cold_net_bias.py[line:213] - INFO: 1 epoch the train MAE 0.833875
2019-01-03 20:23:39,104 - cold_net_bias.py[line:213] - INFO: 1 epoch the train MAE 0.833875
2019-01-03 20:34:50,891 - cold_net_bias.py[line:213] - INFO: 2 epoch the train MAE 0.835103
2019-01-03 20:34:50,891 - cold_net_bias.py[line:213] - INFO: 2 epoch the train MAE 0.835103
2019-01-03 20:34:50,891 - cold_net_bias.py[line:213] - INFO: 2 epoch the train MAE 0.835103
2019-01-03 20:46:00,163 - cold_net_bias.py[line:213] - INFO: 3 epoch the train MAE 0.836592
2019-01-03 20:46:00,163 - cold_net_bias.py[line:213] - INFO: 3 epoch the train MAE 0.836592
2019-01-03 20:46:00,163 - cold_net_bias.py[line:213] - INFO: 3 epoch the train MAE 0.836592
2019-01-03 20:57:15,589 - cold_net_bias.py[line:213] - INFO: 4 epoch the train MAE 0.837094
2019-01-03 20:57:15,589 - cold_net_bias.py[line:213] - INFO: 4 epoch the train MAE 0.837094
2019-01-03 20:57:15,589 - cold_net_bias.py[line:213] - INFO: 4 epoch the train MAE 0.837094
2019-01-03 21:08:39,637 - cold_net_bias.py[line:213] - INFO: 5 epoch the train MAE 0.834145
2019-01-03 21:08:39,637 - cold_net_bias.py[line:213] - INFO: 5 epoch the train MAE 0.834145
2019-01-03 21:08:39,637 - cold_net_bias.py[line:213] - INFO: 5 epoch the train MAE 0.834145
2019-01-03 21:19:59,589 - cold_net_bias.py[line:213] - INFO: 6 epoch the train MAE 0.830120
2019-01-03 21:19:59,589 - cold_net_bias.py[line:213] - INFO: 6 epoch the train MAE 0.830120
2019-01-03 21:19:59,589 - cold_net_bias.py[line:213] - INFO: 6 epoch the train MAE 0.830120
2019-01-03 21:31:08,107 - cold_net_bias.py[line:213] - INFO: 7 epoch the train MAE 0.826540
2019-01-03 21:31:08,107 - cold_net_bias.py[line:213] - INFO: 7 epoch the train MAE 0.826540
2019-01-03 21:31:08,107 - cold_net_bias.py[line:213] - INFO: 7 epoch the train MAE 0.826540
2019-01-03 21:42:15,403 - cold_net_bias.py[line:213] - INFO: 8 epoch the train MAE 0.823272
2019-01-03 21:42:15,403 - cold_net_bias.py[line:213] - INFO: 8 epoch the train MAE 0.823272
2019-01-03 21:42:15,403 - cold_net_bias.py[line:213] - INFO: 8 epoch the train MAE 0.823272
2019-01-03 21:53:29,238 - cold_net_bias.py[line:213] - INFO: 9 epoch the train MAE 0.820173
2019-01-03 21:53:29,238 - cold_net_bias.py[line:213] - INFO: 9 epoch the train MAE 0.820173
2019-01-03 21:53:29,238 - cold_net_bias.py[line:213] - INFO: 9 epoch the train MAE 0.820173
2019-01-03 22:04:51,701 - cold_net_bias.py[line:213] - INFO: 10 epoch the train MAE 0.817355
2019-01-03 22:04:51,701 - cold_net_bias.py[line:213] - INFO: 10 epoch the train MAE 0.817355
2019-01-03 22:04:51,701 - cold_net_bias.py[line:213] - INFO: 10 epoch the train MAE 0.817355
2019-01-03 22:16:14,123 - cold_net_bias.py[line:213] - INFO: 11 epoch the train MAE 0.814984
2019-01-03 22:16:14,123 - cold_net_bias.py[line:213] - INFO: 11 epoch the train MAE 0.814984
2019-01-03 22:16:14,123 - cold_net_bias.py[line:213] - INFO: 11 epoch the train MAE 0.814984
2019-01-03 22:27:32,646 - cold_net_bias.py[line:213] - INFO: 12 epoch the train MAE 0.813064
2019-01-03 22:27:32,646 - cold_net_bias.py[line:213] - INFO: 12 epoch the train MAE 0.813064
2019-01-03 22:27:32,646 - cold_net_bias.py[line:213] - INFO: 12 epoch the train MAE 0.813064
2019-01-03 22:38:48,515 - cold_net_bias.py[line:213] - INFO: 13 epoch the train MAE 0.811393
2019-01-03 22:38:48,515 - cold_net_bias.py[line:213] - INFO: 13 epoch the train MAE 0.811393
2019-01-03 22:38:48,515 - cold_net_bias.py[line:213] - INFO: 13 epoch the train MAE 0.811393
2019-01-03 22:49:52,917 - cold_net_bias.py[line:213] - INFO: 14 epoch the train MAE 0.809842
2019-01-03 22:49:52,917 - cold_net_bias.py[line:213] - INFO: 14 epoch the train MAE 0.809842
2019-01-03 22:49:52,917 - cold_net_bias.py[line:213] - INFO: 14 epoch the train MAE 0.809842
2019-01-03 23:00:56,775 - cold_net_bias.py[line:213] - INFO: 15 epoch the train MAE 0.808448
2019-01-03 23:00:56,775 - cold_net_bias.py[line:213] - INFO: 15 epoch the train MAE 0.808448
2019-01-03 23:00:56,775 - cold_net_bias.py[line:213] - INFO: 15 epoch the train MAE 0.808448
2019-01-03 23:12:01,527 - cold_net_bias.py[line:213] - INFO: 16 epoch the train MAE 0.807210
2019-01-03 23:12:01,527 - cold_net_bias.py[line:213] - INFO: 16 epoch the train MAE 0.807210
2019-01-03 23:12:01,527 - cold_net_bias.py[line:213] - INFO: 16 epoch the train MAE 0.807210
2019-01-03 23:23:06,740 - cold_net_bias.py[line:213] - INFO: 17 epoch the train MAE 0.806100
2019-01-03 23:23:06,740 - cold_net_bias.py[line:213] - INFO: 17 epoch the train MAE 0.806100
2019-01-03 23:23:06,740 - cold_net_bias.py[line:213] - INFO: 17 epoch the train MAE 0.806100
2019-01-03 23:34:12,558 - cold_net_bias.py[line:213] - INFO: 18 epoch the train MAE 0.805132
2019-01-03 23:34:12,558 - cold_net_bias.py[line:213] - INFO: 18 epoch the train MAE 0.805132
2019-01-03 23:34:12,558 - cold_net_bias.py[line:213] - INFO: 18 epoch the train MAE 0.805132
2019-01-03 23:45:23,585 - cold_net_bias.py[line:213] - INFO: 19 epoch the train MAE 0.804277
2019-01-03 23:45:23,585 - cold_net_bias.py[line:213] - INFO: 19 epoch the train MAE 0.804277
2019-01-03 23:45:23,585 - cold_net_bias.py[line:213] - INFO: 19 epoch the train MAE 0.804277
2019-01-04 10:29:51,842 - cold_net_bias.py[line:213] - INFO: 0 epoch the train MAE 2.243285
2019-01-04 10:29:51,842 - cold_net_bias.py[line:213] - INFO: 0 epoch the train MAE 2.243285
2019-01-04 10:29:51,842 - cold_net_bias.py[line:213] - INFO: 0 epoch the train MAE 2.243285
2019-01-04 10:29:52,507 - cold_net_bias.py[line:213] - INFO: 1 epoch the train MAE 1.399427
2019-01-04 10:29:52,507 - cold_net_bias.py[line:213] - INFO: 1 epoch the train MAE 1.399427
2019-01-04 10:29:52,507 - cold_net_bias.py[line:213] - INFO: 1 epoch the train MAE 1.399427
2019-01-04 10:29:53,171 - cold_net_bias.py[line:213] - INFO: 2 epoch the train MAE 1.453136
2019-01-04 10:29:53,171 - cold_net_bias.py[line:213] - INFO: 2 epoch the train MAE 1.453136
2019-01-04 10:29:53,171 - cold_net_bias.py[line:213] - INFO: 2 epoch the train MAE 1.453136
2019-01-04 10:29:53,832 - cold_net_bias.py[line:213] - INFO: 3 epoch the train MAE 1.440907
2019-01-04 10:29:53,832 - cold_net_bias.py[line:213] - INFO: 3 epoch the train MAE 1.440907
2019-01-04 10:29:53,832 - cold_net_bias.py[line:213] - INFO: 3 epoch the train MAE 1.440907
2019-01-04 10:29:54,497 - cold_net_bias.py[line:213] - INFO: 4 epoch the train MAE 1.433483
2019-01-04 10:29:54,497 - cold_net_bias.py[line:213] - INFO: 4 epoch the train MAE 1.433483
2019-01-04 10:29:54,497 - cold_net_bias.py[line:213] - INFO: 4 epoch the train MAE 1.433483
2019-01-04 10:29:55,159 - cold_net_bias.py[line:213] - INFO: 5 epoch the train MAE 1.429567
2019-01-04 10:29:55,159 - cold_net_bias.py[line:213] - INFO: 5 epoch the train MAE 1.429567
2019-01-04 10:29:55,159 - cold_net_bias.py[line:213] - INFO: 5 epoch the train MAE 1.429567
2019-01-04 10:29:55,823 - cold_net_bias.py[line:213] - INFO: 6 epoch the train MAE 1.427450
2019-01-04 10:29:55,823 - cold_net_bias.py[line:213] - INFO: 6 epoch the train MAE 1.427450
2019-01-04 10:29:55,823 - cold_net_bias.py[line:213] - INFO: 6 epoch the train MAE 1.427450
2019-01-04 10:29:56,485 - cold_net_bias.py[line:213] - INFO: 7 epoch the train MAE 1.426163
2019-01-04 10:29:56,485 - cold_net_bias.py[line:213] - INFO: 7 epoch the train MAE 1.426163
2019-01-04 10:29:56,485 - cold_net_bias.py[line:213] - INFO: 7 epoch the train MAE 1.426163
2019-01-04 10:29:57,150 - cold_net_bias.py[line:213] - INFO: 8 epoch the train MAE 1.425245
2019-01-04 10:29:57,150 - cold_net_bias.py[line:213] - INFO: 8 epoch the train MAE 1.425245
2019-01-04 10:29:57,150 - cold_net_bias.py[line:213] - INFO: 8 epoch the train MAE 1.425245
2019-01-04 10:29:57,813 - cold_net_bias.py[line:213] - INFO: 9 epoch the train MAE 1.424435
2019-01-04 10:29:57,813 - cold_net_bias.py[line:213] - INFO: 9 epoch the train MAE 1.424435
2019-01-04 10:29:57,813 - cold_net_bias.py[line:213] - INFO: 9 epoch the train MAE 1.424435
2019-01-04 10:29:58,477 - cold_net_bias.py[line:213] - INFO: 10 epoch the train MAE 1.423606
2019-01-04 10:29:58,477 - cold_net_bias.py[line:213] - INFO: 10 epoch the train MAE 1.423606
2019-01-04 10:29:58,477 - cold_net_bias.py[line:213] - INFO: 10 epoch the train MAE 1.423606
2019-01-04 10:29:59,140 - cold_net_bias.py[line:213] - INFO: 11 epoch the train MAE 1.422683
2019-01-04 10:29:59,140 - cold_net_bias.py[line:213] - INFO: 11 epoch the train MAE 1.422683
2019-01-04 10:29:59,140 - cold_net_bias.py[line:213] - INFO: 11 epoch the train MAE 1.422683
2019-01-04 10:29:59,804 - cold_net_bias.py[line:213] - INFO: 12 epoch the train MAE 1.421610
2019-01-04 10:29:59,804 - cold_net_bias.py[line:213] - INFO: 12 epoch the train MAE 1.421610
2019-01-04 10:29:59,804 - cold_net_bias.py[line:213] - INFO: 12 epoch the train MAE 1.421610
2019-01-04 10:30:00,467 - cold_net_bias.py[line:213] - INFO: 13 epoch the train MAE 1.420279
2019-01-04 10:30:00,467 - cold_net_bias.py[line:213] - INFO: 13 epoch the train MAE 1.420279
2019-01-04 10:30:00,467 - cold_net_bias.py[line:213] - INFO: 13 epoch the train MAE 1.420279
2019-01-04 10:30:01,130 - cold_net_bias.py[line:213] - INFO: 14 epoch the train MAE 1.418656
2019-01-04 10:30:01,130 - cold_net_bias.py[line:213] - INFO: 14 epoch the train MAE 1.418656
2019-01-04 10:30:01,130 - cold_net_bias.py[line:213] - INFO: 14 epoch the train MAE 1.418656
2019-01-04 10:30:01,794 - cold_net_bias.py[line:213] - INFO: 15 epoch the train MAE 1.416600
2019-01-04 10:30:01,794 - cold_net_bias.py[line:213] - INFO: 15 epoch the train MAE 1.416600
2019-01-04 10:30:01,794 - cold_net_bias.py[line:213] - INFO: 15 epoch the train MAE 1.416600
2019-01-04 10:30:02,461 - cold_net_bias.py[line:213] - INFO: 16 epoch the train MAE 1.413984
2019-01-04 10:30:02,461 - cold_net_bias.py[line:213] - INFO: 16 epoch the train MAE 1.413984
2019-01-04 10:30:02,461 - cold_net_bias.py[line:213] - INFO: 16 epoch the train MAE 1.413984
2019-01-04 10:30:03,126 - cold_net_bias.py[line:213] - INFO: 17 epoch the train MAE 1.410590
2019-01-04 10:30:03,126 - cold_net_bias.py[line:213] - INFO: 17 epoch the train MAE 1.410590
2019-01-04 10:30:03,126 - cold_net_bias.py[line:213] - INFO: 17 epoch the train MAE 1.410590
2019-01-04 10:30:03,792 - cold_net_bias.py[line:213] - INFO: 18 epoch the train MAE 1.406114
2019-01-04 10:30:03,792 - cold_net_bias.py[line:213] - INFO: 18 epoch the train MAE 1.406114
2019-01-04 10:30:03,792 - cold_net_bias.py[line:213] - INFO: 18 epoch the train MAE 1.406114
2019-01-04 10:30:04,457 - cold_net_bias.py[line:213] - INFO: 19 epoch the train MAE 1.400127
2019-01-04 10:30:04,457 - cold_net_bias.py[line:213] - INFO: 19 epoch the train MAE 1.400127
2019-01-04 10:30:04,457 - cold_net_bias.py[line:213] - INFO: 19 epoch the train MAE 1.400127
2019-01-04 10:30:05,123 - cold_net_bias.py[line:213] - INFO: 20 epoch the train MAE 1.391904
2019-01-04 10:30:05,123 - cold_net_bias.py[line:213] - INFO: 20 epoch the train MAE 1.391904
2019-01-04 10:30:05,123 - cold_net_bias.py[line:213] - INFO: 20 epoch the train MAE 1.391904
2019-01-04 10:30:05,785 - cold_net_bias.py[line:213] - INFO: 21 epoch the train MAE 1.380649
2019-01-04 10:30:05,785 - cold_net_bias.py[line:213] - INFO: 21 epoch the train MAE 1.380649
2019-01-04 10:30:05,785 - cold_net_bias.py[line:213] - INFO: 21 epoch the train MAE 1.380649
2019-01-04 10:30:06,449 - cold_net_bias.py[line:213] - INFO: 22 epoch the train MAE 1.364543
2019-01-04 10:30:06,449 - cold_net_bias.py[line:213] - INFO: 22 epoch the train MAE 1.364543
2019-01-04 10:30:06,449 - cold_net_bias.py[line:213] - INFO: 22 epoch the train MAE 1.364543
2019-01-04 10:30:07,113 - cold_net_bias.py[line:213] - INFO: 23 epoch the train MAE 1.341353
2019-01-04 10:30:07,113 - cold_net_bias.py[line:213] - INFO: 23 epoch the train MAE 1.341353
2019-01-04 10:30:07,113 - cold_net_bias.py[line:213] - INFO: 23 epoch the train MAE 1.341353
2019-01-04 10:30:07,776 - cold_net_bias.py[line:213] - INFO: 24 epoch the train MAE 1.307365
2019-01-04 10:30:07,776 - cold_net_bias.py[line:213] - INFO: 24 epoch the train MAE 1.307365
2019-01-04 10:30:07,776 - cold_net_bias.py[line:213] - INFO: 24 epoch the train MAE 1.307365
2019-01-04 10:30:08,438 - cold_net_bias.py[line:213] - INFO: 25 epoch the train MAE 1.256568
2019-01-04 10:30:08,438 - cold_net_bias.py[line:213] - INFO: 25 epoch the train MAE 1.256568
2019-01-04 10:30:08,438 - cold_net_bias.py[line:213] - INFO: 25 epoch the train MAE 1.256568
2019-01-04 10:30:09,103 - cold_net_bias.py[line:213] - INFO: 26 epoch the train MAE 1.180663
2019-01-04 10:30:09,103 - cold_net_bias.py[line:213] - INFO: 26 epoch the train MAE 1.180663
2019-01-04 10:30:09,103 - cold_net_bias.py[line:213] - INFO: 26 epoch the train MAE 1.180663
2019-01-04 10:30:09,769 - cold_net_bias.py[line:213] - INFO: 27 epoch the train MAE 1.067929
2019-01-04 10:30:09,769 - cold_net_bias.py[line:213] - INFO: 27 epoch the train MAE 1.067929
2019-01-04 10:30:09,769 - cold_net_bias.py[line:213] - INFO: 27 epoch the train MAE 1.067929
2019-01-04 10:30:10,432 - cold_net_bias.py[line:213] - INFO: 28 epoch the train MAE 0.906952
2019-01-04 10:30:10,432 - cold_net_bias.py[line:213] - INFO: 28 epoch the train MAE 0.906952
2019-01-04 10:30:10,432 - cold_net_bias.py[line:213] - INFO: 28 epoch the train MAE 0.906952
2019-01-04 10:30:11,095 - cold_net_bias.py[line:213] - INFO: 29 epoch the train MAE 0.764815
2019-01-04 10:30:11,095 - cold_net_bias.py[line:213] - INFO: 29 epoch the train MAE 0.764815
2019-01-04 10:30:11,095 - cold_net_bias.py[line:213] - INFO: 29 epoch the train MAE 0.764815
2019-01-04 13:03:46,706 - cold_net_bias.py[line:213] - INFO: 0 epoch the train MAE 0.980584
2019-01-04 13:03:46,706 - cold_net_bias.py[line:213] - INFO: 0 epoch the train MAE 0.980584
2019-01-04 13:03:46,706 - cold_net_bias.py[line:213] - INFO: 0 epoch the train MAE 0.980584
2019-01-04 14:41:30,885 - cold_net_bias.py[line:213] - INFO: 1 epoch the train MAE 0.926391
2019-01-04 14:41:30,885 - cold_net_bias.py[line:213] - INFO: 1 epoch the train MAE 0.926391
2019-01-04 14:41:30,885 - cold_net_bias.py[line:213] - INFO: 1 epoch the train MAE 0.926391
2019-01-04 16:19:48,918 - cold_net_bias.py[line:213] - INFO: 2 epoch the train MAE 0.926052
2019-01-04 16:19:48,918 - cold_net_bias.py[line:213] - INFO: 2 epoch the train MAE 0.926052
2019-01-04 16:19:48,918 - cold_net_bias.py[line:213] - INFO: 2 epoch the train MAE 0.926052
2019-01-04 17:57:58,634 - cold_net_bias.py[line:213] - INFO: 3 epoch the train MAE 0.926052
2019-01-04 17:57:58,634 - cold_net_bias.py[line:213] - INFO: 3 epoch the train MAE 0.926052
2019-01-04 17:57:58,634 - cold_net_bias.py[line:213] - INFO: 3 epoch the train MAE 0.926052
